[debug] [2024-02-14T19:54:53.423Z] ----------------------------------------------------------------------
[debug] [2024-02-14T19:54:53.424Z] Command:       /Users/filippmitrofanov/.nvm/versions/node/v18.17.1/bin/node /Users/filippmitrofanov/.nvm/versions/node/v18.17.1/bin/firebase init
[debug] [2024-02-14T19:54:53.424Z] CLI Version:   13.2.1
[debug] [2024-02-14T19:54:53.424Z] Platform:      darwin
[debug] [2024-02-14T19:54:53.424Z] Node Version:  v18.17.1
[debug] [2024-02-14T19:54:53.430Z] Time:          Wed Feb 14 2024 20:54:53 GMT+0100 (Central European Standard Time)
[debug] [2024-02-14T19:54:53.430Z] ----------------------------------------------------------------------
[debug] 
[debug] [2024-02-14T19:54:53.433Z] > command requires scopes: ["email","openid","https://www.googleapis.com/auth/cloudplatformprojects.readonly","https://www.googleapis.com/auth/firebase","https://www.googleapis.com/auth/cloud-platform"]
[debug] [2024-02-14T19:54:53.433Z] > authorizing via signed-in user (filmitro@gmail.com)
[info] 
     ######## #### ########  ######## ########     ###     ######  ########
     ##        ##  ##     ## ##       ##     ##  ##   ##  ##       ##
     ######    ##  ########  ######   ########  #########  ######  ######
     ##        ##  ##    ##  ##       ##     ## ##     ##       ## ##
     ##       #### ##     ## ######## ########  ##     ##  ######  ########

You're about to initialize a Firebase project in this directory:

  /Users/filippmitrofanov/playground/lagerkontrolle

[info] 
=== Project Setup
[info] 
[info] First, let's associate this project directory with a Firebase project.
[info] You can create multiple project aliases by running firebase use --add, 
[info] but for now we'll just set up a default project.
[info] 
[debug] [2024-02-14T19:55:30.595Z] >>> [apiv2][query] GET https://firebase.googleapis.com/v1beta1/availableProjects pageSize=100
[debug] [2024-02-14T19:55:31.080Z] <<< [apiv2][status] GET https://firebase.googleapis.com/v1beta1/availableProjects 200
[debug] [2024-02-14T19:55:31.080Z] <<< [apiv2][body] GET https://firebase.googleapis.com/v1beta1/availableProjects [omitted]
